2023-11-29 07:06:52,270: Epoch: 000
2023-11-29 07:06:57,218: Step: 000000, Gradient Time: 3.7118, Summary Time: 0.6402, Step Time: 4.2796
2023-11-29 07:06:57,218: Losses: rec=34.6344, ent=0.1951, nonneg=1.4284, weight=1286.0154, total=36.6356, 
2023-11-29 07:06:57,218: Metrics: num used latents=10.000, discrete_mig=0.034, discrete_mil=0.285, discrete_mod=0.835, SAP_score=0.136, 
2023-11-29 07:07:01,316: Step: 000000, save data time 4.10
2023-11-29 07:07:06,655: Step: 001000, Gradient Time: 0.0037, Summary Time: 0.2542, Step Time: 0.0092
2023-11-29 07:07:06,655: Losses: rec=30.5353, ent=5.3822, nonneg=0.0030, weight=575.8421, total=31.1396, 
2023-11-29 07:07:06,656: Metrics: num used latents=10.000, discrete_mig=0.057, discrete_mil=0.450, discrete_mod=0.931, SAP_score=0.181, 
2023-11-29 07:07:12,014: Step: 002000, Gradient Time: 0.0037, Summary Time: 0.2577, Step Time: 0.0051
2023-11-29 07:07:12,014: Losses: rec=30.4255, ent=3.8663, nonneg=0.0045, weight=446.7930, total=30.8939, 
2023-11-29 07:07:12,014: Metrics: num used latents=10.000, discrete_mig=0.069, discrete_mil=0.497, discrete_mod=0.952, SAP_score=0.216, 
2023-11-29 07:07:17,389: Step: 003000, Gradient Time: 0.0037, Summary Time: 0.2559, Step Time: 0.0051
2023-11-29 07:07:17,389: Losses: rec=30.4940, ent=3.4386, nonneg=0.0008, weight=364.0737, total=30.8757, 
2023-11-29 07:07:17,389: Metrics: num used latents=10.000, discrete_mig=0.078, discrete_mil=0.521, discrete_mod=0.955, SAP_score=0.230, 
2023-11-29 07:07:18,027: Epoch: 001
2023-11-29 07:07:23,437: Step: 004000, Gradient Time: 0.0037, Summary Time: 0.2653, Step Time: 0.0058
2023-11-29 07:07:23,438: Losses: rec=30.3502, ent=3.3182, nonneg=0.0000, weight=305.1656, total=30.6720, 
2023-11-29 07:07:23,438: Metrics: num used latents=10.000, discrete_mig=0.087, discrete_mil=0.536, discrete_mod=0.955, SAP_score=0.250, 
2023-11-29 07:07:28,822: Step: 005000, Gradient Time: 0.0037, Summary Time: 0.2564, Step Time: 0.0051
2023-11-29 07:07:28,822: Losses: rec=30.6906, ent=2.9597, nonneg=0.0013, weight=262.6580, total=30.9687, 
2023-11-29 07:07:28,822: Metrics: num used latents=10.000, discrete_mig=0.096, discrete_mil=0.546, discrete_mod=0.953, SAP_score=0.268, 
2023-11-29 07:07:34,366: Step: 006000, Gradient Time: 0.0037, Summary Time: 0.2634, Step Time: 0.0053
2023-11-29 07:07:34,366: Losses: rec=30.4525, ent=2.8528, nonneg=0.0017, weight=231.8870, total=30.6995, 
2023-11-29 07:07:34,366: Metrics: num used latents=10.000, discrete_mig=0.105, discrete_mil=0.560, discrete_mod=0.956, SAP_score=0.288, 
2023-11-29 07:07:35,679: Epoch: 002
2023-11-29 07:07:40,463: Step: 007000, Gradient Time: 0.0037, Summary Time: 0.2525, Step Time: 0.0058
2023-11-29 07:07:40,464: Losses: rec=30.0315, ent=2.8741, nonneg=0.0017, weight=208.9371, total=30.2556, 
2023-11-29 07:07:40,464: Metrics: num used latents=10.000, discrete_mig=0.116, discrete_mil=0.570, discrete_mod=0.959, SAP_score=0.306, 
2023-11-29 07:07:45,866: Step: 008000, Gradient Time: 0.0037, Summary Time: 0.2581, Step Time: 0.0051
2023-11-29 07:07:45,867: Losses: rec=30.1323, ent=2.8361, nonneg=0.0010, weight=191.4506, total=30.3385, 
2023-11-29 07:07:45,867: Metrics: num used latents=10.000, discrete_mig=0.129, discrete_mil=0.585, discrete_mod=0.963, SAP_score=0.329, 
2023-11-29 07:07:51,349: Step: 009000, Gradient Time: 0.0037, Summary Time: 0.2667, Step Time: 0.0052
2023-11-29 07:07:51,349: Losses: rec=30.5212, ent=2.6605, nonneg=0.0007, weight=177.5784, total=30.7124, 
2023-11-29 07:07:51,349: Metrics: num used latents=10.000, discrete_mig=0.139, discrete_mil=0.597, discrete_mod=0.966, SAP_score=0.346, 
2023-11-29 07:07:53,316: Epoch: 003
2023-11-29 07:07:57,442: Step: 010000, Gradient Time: 0.0037, Summary Time: 0.2526, Step Time: 0.0058
2023-11-29 07:07:57,442: Losses: rec=30.4477, ent=2.6699, nonneg=0.0009, weight=166.8948, total=30.6284, 
2023-11-29 07:07:57,442: Metrics: num used latents=10.000, discrete_mig=0.153, discrete_mil=0.611, discrete_mod=0.970, SAP_score=0.366, 
2023-11-29 07:08:02,869: Step: 011000, Gradient Time: 0.0037, Summary Time: 0.2770, Step Time: 0.0051
2023-11-29 07:08:02,870: Losses: rec=30.4399, ent=2.7012, nonneg=0.0008, weight=158.5469, total=30.6124, 
2023-11-29 07:08:02,870: Metrics: num used latents=10.000, discrete_mig=0.166, discrete_mil=0.624, discrete_mod=0.972, SAP_score=0.386, 
2023-11-29 07:08:08,303: Step: 012000, Gradient Time: 0.0037, Summary Time: 0.2614, Step Time: 0.0052
2023-11-29 07:08:08,303: Losses: rec=30.5834, ent=2.6064, nonneg=0.0020, weight=151.7544, total=30.7492, 
2023-11-29 07:08:08,303: Metrics: num used latents=10.000, discrete_mig=0.179, discrete_mil=0.640, discrete_mod=0.975, SAP_score=0.404, 
2023-11-29 07:08:10,909: Epoch: 004
2023-11-29 07:08:14,381: Step: 013000, Gradient Time: 0.0037, Summary Time: 0.2539, Step Time: 0.0058
2023-11-29 07:08:14,381: Losses: rec=29.9846, ent=2.5823, nonneg=0.0014, weight=146.2655, total=30.1444, 
2023-11-29 07:08:14,381: Metrics: num used latents=10.000, discrete_mig=0.191, discrete_mil=0.650, discrete_mod=0.976, SAP_score=0.418, 
2023-11-29 07:08:19,752: Step: 014000, Gradient Time: 0.0037, Summary Time: 0.2570, Step Time: 0.0051
2023-11-29 07:08:19,752: Losses: rec=30.3855, ent=2.4843, nonneg=0.0017, weight=141.9254, total=30.5407, 
2023-11-29 07:08:19,752: Metrics: num used latents=10.000, discrete_mig=0.207, discrete_mil=0.664, discrete_mod=0.978, SAP_score=0.436, 
2023-11-29 07:08:25,191: Step: 015000, Gradient Time: 0.0037, Summary Time: 0.2594, Step Time: 0.0052
2023-11-29 07:08:25,191: Losses: rec=30.3234, ent=2.4980, nonneg=0.0029, weight=138.2512, total=30.4756, 
2023-11-29 07:08:25,191: Metrics: num used latents=10.000, discrete_mig=0.221, discrete_mil=0.676, discrete_mod=0.979, SAP_score=0.448, 
2023-11-29 07:08:28,567: Epoch: 005
2023-11-29 07:08:31,562: Step: 016000, Gradient Time: 0.0038, Summary Time: 0.2520, Step Time: 0.0061
2023-11-29 07:08:31,562: Losses: rec=30.9560, ent=2.3410, nonneg=0.0006, weight=135.0332, total=31.1030, 
2023-11-29 07:08:31,562: Metrics: num used latents=10.000, discrete_mig=0.234, discrete_mil=0.685, discrete_mod=0.979, SAP_score=0.459, 
2023-11-29 07:08:36,987: Step: 017000, Gradient Time: 0.0037, Summary Time: 0.2562, Step Time: 0.0052
2023-11-29 07:08:36,987: Losses: rec=30.2551, ent=2.4917, nonneg=0.0011, weight=132.4260, total=30.4005, 
2023-11-29 07:08:36,987: Metrics: num used latents=10.000, discrete_mig=0.249, discrete_mil=0.696, discrete_mod=0.981, SAP_score=0.470, 
2023-11-29 07:08:42,728: Step: 018000, Gradient Time: 0.0039, Summary Time: 0.2944, Step Time: 0.0054
2023-11-29 07:08:42,728: Losses: rec=30.2426, ent=2.4384, nonneg=0.0008, weight=130.2580, total=30.3854, 
2023-11-29 07:08:42,729: Metrics: num used latents=10.000, discrete_mig=0.259, discrete_mil=0.704, discrete_mod=0.981, SAP_score=0.477, 
2023-11-29 07:08:46,888: Epoch: 006
2023-11-29 07:08:49,164: Step: 019000, Gradient Time: 0.0040, Summary Time: 0.2531, Step Time: 0.0062
2023-11-29 07:08:49,164: Losses: rec=30.2277, ent=2.4387, nonneg=0.0005, weight=128.2509, total=30.3684, 
2023-11-29 07:08:49,164: Metrics: num used latents=10.000, discrete_mig=0.269, discrete_mil=0.710, discrete_mod=0.981, SAP_score=0.480, 
2023-11-29 07:08:54,826: Step: 020000, Gradient Time: 0.0039, Summary Time: 0.2549, Step Time: 0.0054
2023-11-29 07:08:54,826: Losses: rec=30.2965, ent=2.4623, nonneg=0.0015, weight=126.5601, total=30.4361, 
2023-11-29 07:08:54,827: Metrics: num used latents=10.000, discrete_mig=0.279, discrete_mil=0.715, discrete_mod=0.981, SAP_score=0.484, 
2023-11-29 07:08:58,829: Step: 020000, save data time 4.00
2023-11-29 07:09:04,656: Step: 021000, Gradient Time: 0.0040, Summary Time: 0.2590, Step Time: 0.0096
2023-11-29 07:09:04,656: Losses: rec=30.6820, ent=2.3109, nonneg=0.0007, weight=125.1654, total=30.8191, 
2023-11-29 07:09:04,657: Metrics: num used latents=10.000, discrete_mig=0.290, discrete_mil=0.720, discrete_mod=0.981, SAP_score=0.486, 
2023-11-29 07:09:09,376: Epoch: 007
2023-11-29 07:09:11,167: Step: 022000, Gradient Time: 0.0039, Summary Time: 0.2627, Step Time: 0.0062
2023-11-29 07:09:11,167: Losses: rec=30.5966, ent=2.3284, nonneg=0.0009, weight=123.8747, total=30.7326, 
2023-11-29 07:09:11,167: Metrics: num used latents=10.000, discrete_mig=0.297, discrete_mil=0.726, discrete_mod=0.982, SAP_score=0.487, 
2023-11-29 07:09:16,591: Step: 023000, Gradient Time: 0.0037, Summary Time: 0.2523, Step Time: 0.0052
2023-11-29 07:09:16,591: Losses: rec=30.4085, ent=2.3825, nonneg=0.0005, weight=122.7163, total=30.5433, 
2023-11-29 07:09:16,591: Metrics: num used latents=10.000, discrete_mig=0.304, discrete_mil=0.729, discrete_mod=0.982, SAP_score=0.488, 
2023-11-29 07:09:22,075: Step: 024000, Gradient Time: 0.0037, Summary Time: 0.2558, Step Time: 0.0052
2023-11-29 07:09:22,075: Losses: rec=30.6088, ent=2.3749, nonneg=0.0000, weight=121.7920, total=30.7425, 
2023-11-29 07:09:22,075: Metrics: num used latents=10.000, discrete_mig=0.309, discrete_mil=0.732, discrete_mod=0.982, SAP_score=0.491, 
2023-11-29 07:09:27,671: Epoch: 008
2023-11-29 07:09:28,667: Step: 025000, Gradient Time: 0.0040, Summary Time: 0.3207, Step Time: 0.0063
2023-11-29 07:09:28,667: Losses: rec=30.0329, ent=2.4481, nonneg=0.0009, weight=120.9382, total=30.1666, 
2023-11-29 07:09:28,667: Metrics: num used latents=10.000, discrete_mig=0.313, discrete_mil=0.733, discrete_mod=0.981, SAP_score=0.491, 
2023-11-29 07:09:34,333: Step: 026000, Gradient Time: 0.0039, Summary Time: 0.2642, Step Time: 0.0054
2023-11-29 07:09:34,333: Losses: rec=30.5208, ent=2.2792, nonneg=0.0003, weight=120.0713, total=30.6524, 
2023-11-29 07:09:34,333: Metrics: num used latents=10.000, discrete_mig=0.315, discrete_mil=0.737, discrete_mod=0.982, SAP_score=0.491, 
2023-11-29 07:09:39,880: Step: 027000, Gradient Time: 0.0038, Summary Time: 0.2675, Step Time: 0.0053
2023-11-29 07:09:39,880: Losses: rec=30.1800, ent=2.3863, nonneg=0.0039, weight=119.4724, total=30.3134, 
2023-11-29 07:09:39,880: Metrics: num used latents=10.000, discrete_mig=0.319, discrete_mil=0.739, discrete_mod=0.982, SAP_score=0.492, 
2023-11-29 07:09:45,423: Step: 028000, Gradient Time: 0.0037, Summary Time: 0.2544, Step Time: 0.0053
2023-11-29 07:09:45,424: Losses: rec=30.4405, ent=2.2939, nonneg=0.0001, weight=118.7141, total=30.5707, 
2023-11-29 07:09:45,424: Metrics: num used latents=10.000, discrete_mig=0.320, discrete_mil=0.740, discrete_mod=0.982, SAP_score=0.492, 
2023-11-29 07:09:46,079: Epoch: 009
2023-11-29 07:09:51,714: Step: 029000, Gradient Time: 0.0038, Summary Time: 0.2856, Step Time: 0.0060
2023-11-29 07:09:51,714: Losses: rec=29.9122, ent=2.4164, nonneg=0.0004, weight=118.2395, total=30.0427, 
2023-11-29 07:09:51,714: Metrics: num used latents=10.000, discrete_mig=0.323, discrete_mil=0.742, discrete_mod=0.981, SAP_score=0.493, 
